# JRE version: OpenJDK Runtime Environment Temurin-21.0.10+7 (21.0.10+7) (build 21.0.10+7-LTS)
# Java VM: OpenJDK 64-Bit Server VM Temurin-21.0.10+7 (21.0.10+7-LTS, mixed mode, sharing, tiered, compressed oops, compressed class ptrs, parallel gc, windows-amd64)
GC Precious Log:
 CardTable entry size: 512
 CPUs: 8 total, 8 available
 Memory: 16246M
 Large Page Support: Disabled
 NUMA Support: Disabled
 Compressed Oops: Enabled (32-bit)
 Alignments: Space 512K, Generation 512K, Heap 2M
 Heap Min Capacity: 100M
 Heap Initial Capacity: 100M
 Heap Max Capacity: 2G
 Pre-touch: Disabled
 Parallel Workers: 8
Heap:
 PSYoungGen      total 2560K, used 2037K [0x00000000d5580000, 0x00000000d5900000, 0x0000000100000000)
  eden space 1536K, 69% used [0x00000000d5580000,0x00000000d568bb18,0x00000000d5700000)
  from space 1024K, 94% used [0x00000000d5700000,0x00000000d57f1a68,0x00000000d5800000)
  to   space 1024K, 0% used [0x00000000d5800000,0x00000000d5800000,0x00000000d5900000)
 ParOldGen       total 409088K, used 408933K [0x0000000080000000, 0x0000000098f80000, 0x00000000d5580000)
  object space 409088K, 99% used [0x0000000080000000,0x0000000098f595b8,0x0000000098f80000)
 Metaspace       used 70166K, committed 71680K, reserved 1114112K
  class space    used 8727K, committed 9408K, reserved 1048576K
GC Heap History (20 events):
Event: 54.326 GC heap before
{Heap before GC invocations=461 (full 3):
 PSYoungGen      total 2048K, used 1606K [0x00000000d5580000, 0x00000000d5900000, 0x0000000100000000)
  eden space 1536K, 96% used [0x00000000d5580000,0x00000000d56f1ac0,0x00000000d5700000)
  from space 512K, 25% used [0x00000000d5800000,0x00000000d5820000,0x00000000d5880000)
  to   space 512K, 0% used [0x00000000d5880000,0x00000000d5880000,0x00000000d5900000)
 ParOldGen       total 406528K, used 406522K [0x0000000080000000, 0x0000000098d00000, 0x00000000d5580000)
  object space 406528K, 99% used [0x0000000080000000,0x0000000098cfe938,0x0000000098d00000)
 Metaspace       used 68941K, committed 70400K, reserved 1114112K
  class space    used 8625K, committed 9280K, reserved 1048576K
}
Event: 54.327 GC heap after
{Heap after GC invocations=461 (full 3):
 PSYoungGen      total 2048K, used 256K [0x00000000d5580000, 0x00000000d5900000, 0x0000000100000000)
  eden space 1536K, 0% used [0x00000000d5580000,0x00000000d5580000,0x00000000d5700000)
  from space 512K, 50% used [0x00000000d5880000,0x00000000d58c0000,0x00000000d5900000)
  to   space 512K, 0% used [0x00000000d5800000,0x00000000d5800000,0x00000000d5880000)
 ParOldGen       total 407040K, used 406578K [0x0000000080000000, 0x0000000098d80000, 0x00000000d5580000)
  object space 407040K, 99% used [0x0000000080000000,0x0000000098d0c938,0x0000000098d80000)
 Metaspace       used 68941K, committed 70400K, reserved 1114112K
  class space    used 8625K, committed 9280K, reserved 1048576K
}
Event: 54.395 GC heap before
{Heap before GC invocations=462 (full 3):
 PSYoungGen      total 2048K, used 1792K [0x00000000d5580000, 0x00000000d5900000, 0x0000000100000000)
  eden space 1536K, 100% used [0x00000000d5580000,0x00000000d5700000,0x00000000d5700000)
  from space 512K, 50% used [0x00000000d5880000,0x00000000d58c0000,0x00000000d5900000)
  to   space 512K, 0% used [0x00000000d5800000,0x00000000d5800000,0x00000000d5880000)
 ParOldGen       total 407040K, used 406578K [0x0000000080000000, 0x0000000098d80000, 0x00000000d5580000)
  object space 407040K, 99% used [0x0000000080000000,0x0000000098d0c938,0x0000000098d80000)
 Metaspace       used 69050K, committed 70528K, reserved 1114112K
  class space    used 8631K, committed 9344K, reserved 1048576K
}
Event: 54.396 GC heap after
{Heap after GC invocations=462 (full 3):
 PSYoungGen      total 2048K, used 320K [0x00000000d5580000, 0x00000000d5900000, 0x0000000100000000)
  eden space 1536K, 0% used [0x00000000d5580000,0x00000000d5580000,0x00000000d5700000)
  from space 512K, 62% used [0x00000000d5800000,0x00000000d5850010,0x00000000d5880000)
  to   space 512K, 0% used [0x00000000d5880000,0x00000000d5880000,0x00000000d5900000)
 ParOldGen       total 407040K, used 406626K [0x0000000080000000, 0x0000000098d80000, 0x00000000d5580000)
  object space 407040K, 99% used [0x0000000080000000,0x0000000098d18938,0x0000000098d80000)
 Metaspace       used 69050K, committed 70528K, reserved 1114112K
  class space    used 8631K, committed 9344K, reserved 1048576K
}
Event: 54.452 GC heap before
{Heap before GC invocations=463 (full 3):
 PSYoungGen      total 2048K, used 1856K [0x00000000d5580000, 0x00000000d5900000, 0x0000000100000000)
  eden space 1536K, 100% used [0x00000000d5580000,0x00000000d5700000,0x00000000d5700000)
  from space 512K, 62% used [0x00000000d5800000,0x00000000d5850010,0x00000000d5880000)
  to   space 512K, 0% used [0x00000000d5880000,0x00000000d5880000,0x00000000d5900000)
 ParOldGen       total 407040K, used 406626K [0x0000000080000000, 0x0000000098d80000, 0x00000000d5580000)
  object space 407040K, 99% used [0x0000000080000000,0x0000000098d18938,0x0000000098d80000)
 Metaspace       used 69129K, committed 70592K, reserved 1114112K
  class space    used 8642K, committed 9344K, reserved 1048576K
}
Event: 54.453 GC heap after
{Heap after GC invocations=463 (full 3):
 PSYoungGen      total 2048K, used 192K [0x00000000d5580000, 0x00000000d5900000, 0x0000000100000000)
  eden space 1536K, 0% used [0x00000000d5580000,0x00000000d5580000,0x00000000d5700000)
  from space 512K, 37% used [0x00000000d5880000,0x00000000d58b0000,0x00000000d5900000)
  to   space 512K, 0% used [0x00000000d5800000,0x00000000d5800000,0x00000000d5880000)
 ParOldGen       total 407040K, used 406666K [0x0000000080000000, 0x0000000098d80000, 0x00000000d5580000)
  object space 407040K, 99% used [0x0000000080000000,0x0000000098d22938,0x0000000098d80000)
 Metaspace       used 69129K, committed 70592K, reserved 1114112K
  class space    used 8642K, committed 9344K, reserved 1048576K
}
Event: 54.519 GC heap before
{Heap before GC invocations=464 (full 3):
 PSYoungGen      total 2048K, used 1689K [0x00000000d5580000, 0x00000000d5900000, 0x0000000100000000)
  eden space 1536K, 97% used [0x00000000d5580000,0x00000000d56f6450,0x00000000d5700000)
  from space 512K, 37% used [0x00000000d5880000,0x00000000d58b0000,0x00000000d5900000)
  to   space 512K, 0% used [0x00000000d5800000,0x00000000d5800000,0x00000000d5880000)
 ParOldGen       total 407040K, used 406666K [0x0000000080000000, 0x0000000098d80000, 0x00000000d5580000)
  object space 407040K, 99% used [0x0000000080000000,0x0000000098d22938,0x0000000098d80000)
 Metaspace       used 69156K, committed 70656K, reserved 1114112K
  class space    used 8649K, committed 9344K, reserved 1048576K
}
Event: 54.521 GC heap after
{Heap after GC invocations=464 (full 3):
 PSYoungGen      total 2048K, used 96K [0x00000000d5580000, 0x00000000d5900000, 0x0000000100000000)
  eden space 1536K, 0% used [0x00000000d5580000,0x00000000d5580000,0x00000000d5700000)
  from space 512K, 18% used [0x00000000d5800000,0x00000000d5818000,0x00000000d5880000)
  to   space 512K, 0% used [0x00000000d5880000,0x00000000d5880000,0x00000000d5900000)
 ParOldGen       total 407040K, used 406722K [0x0000000080000000, 0x0000000098d80000, 0x00000000d5580000)
  object space 407040K, 99% used [0x0000000080000000,0x0000000098d30938,0x0000000098d80000)
 Metaspace       used 69156K, committed 70656K, reserved 1114112K
  class space    used 8649K, committed 9344K, reserved 1048576K
}
Event: 54.576 GC heap before
{Heap before GC invocations=465 (full 3):
 PSYoungGen      total 2048K, used 1598K [0x00000000d5580000, 0x00000000d5900000, 0x0000000100000000)
  eden space 1536K, 97% used [0x00000000d5580000,0x00000000d56f7b30,0x00000000d5700000)
  from space 512K, 18% used [0x00000000d5800000,0x00000000d5818000,0x00000000d5880000)
  to   space 512K, 0% used [0x00000000d5880000,0x00000000d5880000,0x00000000d5900000)
 ParOldGen       total 407040K, used 406722K [0x0000000080000000, 0x0000000098d80000, 0x00000000d5580000)
  object space 407040K, 99% used [0x0000000080000000,0x0000000098d30938,0x0000000098d80000)
 Metaspace       used 69202K, committed 70656K, reserved 1114112K
  class space    used 8657K, committed 9344K, reserved 1048576K
}
Event: 54.578 GC heap after
{Heap after GC invocations=465 (full 3):
 PSYoungGen      total 2048K, used 128K [0x00000000d5580000, 0x00000000d5900000, 0x0000000100000000)
  eden space 1536K, 0% used [0x00000000d5580000,0x00000000d5580000,0x00000000d5700000)
  from space 512K, 25% used [0x00000000d5880000,0x00000000d58a0000,0x00000000d5900000)
  to   space 512K, 0% used [0x00000000d5800000,0x00000000d5800000,0x00000000d5880000)
 ParOldGen       total 407040K, used 406778K [0x0000000080000000, 0x0000000098d80000, 0x00000000d5580000)
  object space 407040K, 99% used [0x0000000080000000,0x0000000098d3e938,0x0000000098d80000)
 Metaspace       used 69202K, committed 70656K, reserved 1114112K
  class space    used 8657K, committed 9344K, reserved 1048576K
}
Event: 54.626 GC heap before
{Heap before GC invocations=466 (full 3):
 PSYoungGen      total 2048K, used 1664K [0x00000000d5580000, 0x00000000d5900000, 0x0000000100000000)
  eden space 1536K, 100% used [0x00000000d5580000,0x00000000d5700000,0x00000000d5700000)
  from space 512K, 25% used [0x00000000d5880000,0x00000000d58a0000,0x00000000d5900000)
  to   space 512K, 0% used [0x00000000d5800000,0x00000000d5800000,0x00000000d5880000)
 ParOldGen       total 407040K, used 406778K [0x0000000080000000, 0x0000000098d80000, 0x00000000d5580000)
  object space 407040K, 99% used [0x0000000080000000,0x0000000098d3e938,0x0000000098d80000)
 Metaspace       used 69294K, committed 70784K, reserved 1114112K
  class space    used 8663K, committed 9344K, reserved 1048576K
}
Event: 54.628 GC heap after
{Heap after GC invocations=466 (full 3):
 PSYoungGen      total 2048K, used 256K [0x00000000d5580000, 0x00000000d5900000, 0x0000000100000000)
  eden space 1536K, 0% used [0x00000000d5580000,0x00000000d5580000,0x00000000d5700000)
  from space 512K, 50% used [0x00000000d5800000,0x00000000d5840010,0x00000000d5880000)
  to   space 512K, 0% used [0x00000000d5880000,0x00000000d5880000,0x00000000d5900000)
 ParOldGen       total 407040K, used 406834K [0x0000000080000000, 0x0000000098d80000, 0x00000000d5580000)
  object space 407040K, 99% used [0x0000000080000000,0x0000000098d4c938,0x0000000098d80000)
 Metaspace       used 69294K, committed 70784K, reserved 1114112K
  class space    used 8663K, committed 9344K, reserved 1048576K
}
Event: 54.693 GC heap before
{Heap before GC invocations=467 (full 3):
 PSYoungGen      total 2048K, used 1784K [0x00000000d5580000, 0x00000000d5900000, 0x0000000100000000)
  eden space 1536K, 99% used [0x00000000d5580000,0x00000000d56fe308,0x00000000d5700000)
  from space 512K, 50% used [0x00000000d5800000,0x00000000d5840010,0x00000000d5880000)
  to   space 512K, 0% used [0x00000000d5880000,0x00000000d5880000,0x00000000d5900000)
 ParOldGen       total 407040K, used 406834K [0x0000000080000000, 0x0000000098d80000, 0x00000000d5580000)
  object space 407040K, 99% used [0x0000000080000000,0x0000000098d4c938,0x0000000098d80000)
 Metaspace       used 69370K, committed 70848K, reserved 1114112K
  class space    used 8670K, committed 9344K, reserved 1048576K
}
Event: 54.695 GC heap after
{Heap after GC invocations=467 (full 3):
 PSYoungGen      total 2048K, used 230K [0x00000000d5580000, 0x00000000d5900000, 0x0000000100000000)
  eden space 1536K, 0% used [0x00000000d5580000,0x00000000d5580000,0x00000000d5700000)
  from space 512K, 44% used [0x00000000d5880000,0x00000000d58b9808,0x00000000d5900000)
  to   space 512K, 0% used [0x00000000d5800000,0x00000000d5800000,0x00000000d5880000)
 ParOldGen       total 407040K, used 406890K [0x0000000080000000, 0x0000000098d80000, 0x00000000d5580000)
  object space 407040K, 99% used [0x0000000080000000,0x0000000098d5a938,0x0000000098d80000)
 Metaspace       used 69370K, committed 70848K, reserved 1114112K
  class space    used 8670K, committed 9344K, reserved 1048576K
}
Event: 54.761 GC heap before
{Heap before GC invocations=468 (full 3):
 PSYoungGen      total 2048K, used 1735K [0x00000000d5580000, 0x00000000d5900000, 0x0000000100000000)
  eden space 1536K, 98% used [0x00000000d5580000,0x00000000d56f85b8,0x00000000d5700000)
  from space 512K, 44% used [0x00000000d5880000,0x00000000d58b9808,0x00000000d5900000)
  to   space 512K, 0% used [0x00000000d5800000,0x00000000d5800000,0x00000000d5880000)
 ParOldGen       total 407040K, used 406890K [0x0000000080000000, 0x0000000098d80000, 0x00000000d5580000)
  object space 407040K, 99% used [0x0000000080000000,0x0000000098d5a938,0x0000000098d80000)
 Metaspace       used 69807K, committed 71296K, reserved 1114112K
  class space    used 8705K, committed 9344K, reserved 1048576K
}
Event: 54.764 GC heap after
{Heap after GC invocations=468 (full 3):
 PSYoungGen      total 2048K, used 224K [0x00000000d5580000, 0x00000000d5900000, 0x0000000100000000)
  eden space 1536K, 0% used [0x00000000d5580000,0x00000000d5580000,0x00000000d5700000)
  from space 512K, 43% used [0x00000000d5800000,0x00000000d5838000,0x00000000d5880000)
  to   space 512K, 0% used [0x00000000d5880000,0x00000000d5880000,0x00000000d5900000)
 ParOldGen       total 407040K, used 406938K [0x0000000080000000, 0x0000000098d80000, 0x00000000d5580000)
  object space 407040K, 99% used [0x0000000080000000,0x0000000098d66938,0x0000000098d80000)
 Metaspace       used 69807K, committed 71296K, reserved 1114112K
  class space    used 8705K, committed 9344K, reserved 1048576K
}
Event: 54.823 GC heap before
{Heap before GC invocations=469 (full 3):
 PSYoungGen      total 2048K, used 1760K [0x00000000d5580000, 0x00000000d5900000, 0x0000000100000000)
  eden space 1536K, 100% used [0x00000000d5580000,0x00000000d5700000,0x00000000d5700000)
  from space 512K, 43% used [0x00000000d5800000,0x00000000d5838000,0x00000000d5880000)
  to   space 512K, 0% used [0x00000000d5880000,0x00000000d5880000,0x00000000d5900000)
 ParOldGen       total 407040K, used 406938K [0x0000000080000000, 0x0000000098d80000, 0x00000000d5580000)
  object space 407040K, 99% used [0x0000000080000000,0x0000000098d66938,0x0000000098d80000)
 Metaspace       used 70095K, committed 71616K, reserved 1114112K
  class space    used 8722K, committed 9408K, reserved 1048576K
}
Event: 54.825 GC heap after
{Heap after GC invocations=469 (full 3):
 PSYoungGen      total 2048K, used 224K [0x00000000d5580000, 0x00000000d5900000, 0x0000000100000000)
  eden space 1536K, 0% used [0x00000000d5580000,0x00000000d5580000,0x00000000d5700000)
  from space 512K, 43% used [0x00000000d5880000,0x00000000d58b8000,0x00000000d5900000)
  to   space 512K, 0% used [0x00000000d5800000,0x00000000d5800000,0x00000000d5880000)
 ParOldGen       total 407040K, used 407010K [0x0000000080000000, 0x0000000098d80000, 0x00000000d5580000)
  object space 407040K, 99% used [0x0000000080000000,0x0000000098d78938,0x0000000098d80000)
 Metaspace       used 70095K, committed 71616K, reserved 1114112K
  class space    used 8722K, committed 9408K, reserved 1048576K
}
Event: 54.843 GC heap before
{Heap before GC invocations=470 (full 3):
 PSYoungGen      total 2048K, used 1760K [0x00000000d5580000, 0x00000000d5900000, 0x0000000100000000)
  eden space 1536K, 100% used [0x00000000d5580000,0x00000000d5700000,0x00000000d5700000)
  from space 512K, 43% used [0x00000000d5880000,0x00000000d58b8000,0x00000000d5900000)
  to   space 512K, 0% used [0x00000000d5800000,0x00000000d5800000,0x00000000d5880000)
 ParOldGen       total 407040K, used 407010K [0x0000000080000000, 0x0000000098d80000, 0x00000000d5580000)
  object space 407040K, 99% used [0x0000000080000000,0x0000000098d78938,0x0000000098d80000)
 Metaspace       used 70141K, committed 71680K, reserved 1114112K
  class space    used 8727K, committed 9408K, reserved 1048576K
}
Event: 54.846 GC heap after
{Heap after GC invocations=470 (full 3):
 PSYoungGen      total 2048K, used 508K [0x00000000d5580000, 0x00000000d5b00000, 0x0000000100000000)
  eden space 1536K, 0% used [0x00000000d5580000,0x00000000d5580000,0x00000000d5700000)
  from space 512K, 99% used [0x00000000d5800000,0x00000000d587f2e0,0x00000000d5880000)
  to   space 2048K, 0% used [0x00000000d5900000,0x00000000d5900000,0x00000000d5b00000)
 ParOldGen       total 408576K, used 408161K [0x0000000080000000, 0x0000000098f00000, 0x00000000d5580000)
  object space 408576K, 99% used [0x0000000080000000,0x0000000098e98798,0x0000000098f00000)
 Metaspace       used 70141K, committed 71680K, reserved 1114112K
  class space    used 8727K, committed 9408K, reserved 1048576K
}

