# JRE version: Java(TM) SE Runtime Environment (17.0.12+8) (build 17.0.12+8-LTS-286)
# Java VM: Java HotSpot(TM) 64-Bit Server VM (17.0.12+8-LTS-286, mixed mode, sharing, tiered, compressed oops, compressed class ptrs, g1 gc, windows-amd64)
GC Precious Log:
 CPUs: 8 total, 8 available
 Memory: 16246M
 Large Page Support: Disabled
 NUMA Support: Disabled
 Compressed Oops: Enabled (32-bit)
 Heap Region Size: 1M
 Heap Min Capacity: 8M
 Heap Initial Capacity: 254M
 Heap Max Capacity: 2G
 Pre-touch: Disabled
 Parallel Workers: 8
 Concurrent Workers: 2
 Concurrent Refinement Workers: 8
 Periodic GC: Disabled
Heap:
 garbage-first heap   total 260096K, used 79814K [0x0000000080000000, 0x0000000100000000)
  region size 1024K, 3 young (3072K), 3 survivors (3072K)
 Metaspace       used 78999K, committed 80128K, reserved 557056K
  class space    used 11192K, committed 11712K, reserved 425984K
GC Heap History (20 events):
Event: 39.778 GC heap after
{Heap after GC invocations=36 (full 0):
 garbage-first heap   total 107520K, used 65681K [0x0000000080000000, 0x0000000100000000)
  region size 1024K, 4 young (4096K), 4 survivors (4096K)
 Metaspace       used 72767K, committed 73728K, reserved 491520K
  class space    used 10441K, committed 10880K, reserved 425984K
}
Event: 40.686 GC heap before
{Heap before GC invocations=37 (full 0):
 garbage-first heap   total 116736K, used 87185K [0x0000000080000000, 0x0000000100000000)
  region size 1024K, 26 young (26624K), 4 survivors (4096K)
 Metaspace       used 74761K, committed 75712K, reserved 491520K
  class space    used 10729K, committed 11200K, reserved 425984K
}
Event: 40.701 GC heap after
{Heap after GC invocations=38 (full 0):
 garbage-first heap   total 116736K, used 68076K [0x0000000080000000, 0x0000000100000000)
  region size 1024K, 3 young (3072K), 3 survivors (3072K)
 Metaspace       used 74761K, committed 75712K, reserved 491520K
  class space    used 10729K, committed 11200K, reserved 425984K
}
Event: 79.919 GC heap before
{Heap before GC invocations=38 (full 0):
 garbage-first heap   total 116736K, used 94700K [0x0000000080000000, 0x0000000100000000)
  region size 1024K, 30 young (30720K), 3 survivors (3072K)
 Metaspace       used 76739K, committed 77824K, reserved 557056K
  class space    used 10989K, committed 11520K, reserved 425984K
}
Event: 79.926 GC heap after
{Heap after GC invocations=39 (full 0):
 garbage-first heap   total 116736K, used 68977K [0x0000000080000000, 0x0000000100000000)
  region size 1024K, 4 young (4096K), 4 survivors (4096K)
 Metaspace       used 76739K, committed 77824K, reserved 557056K
  class space    used 10989K, committed 11520K, reserved 425984K
}
Event: 80.430 GC heap before
{Heap before GC invocations=40 (full 0):
 garbage-first heap   total 122880K, used 81265K [0x0000000080000000, 0x0000000100000000)
  region size 1024K, 17 young (17408K), 4 survivors (4096K)
 Metaspace       used 77122K, committed 78272K, reserved 557056K
  class space    used 11035K, committed 11584K, reserved 425984K
}
Event: 80.438 GC heap after
{Heap after GC invocations=41 (full 0):
 garbage-first heap   total 122880K, used 70535K [0x0000000080000000, 0x0000000100000000)
  region size 1024K, 3 young (3072K), 3 survivors (3072K)
 Metaspace       used 77122K, committed 78272K, reserved 557056K
  class space    used 11035K, committed 11584K, reserved 425984K
}
Event: 95.431 GC heap before
{Heap before GC invocations=42 (full 0):
 garbage-first heap   total 122880K, used 73607K [0x0000000080000000, 0x0000000100000000)
  region size 1024K, 6 young (6144K), 3 survivors (3072K)
 Metaspace       used 77276K, committed 78400K, reserved 557056K
  class space    used 11053K, committed 11584K, reserved 425984K
}
Event: 95.436 GC heap after
{Heap after GC invocations=43 (full 0):
 garbage-first heap   total 122880K, used 70662K [0x0000000080000000, 0x0000000100000000)
  region size 1024K, 2 young (2048K), 2 survivors (2048K)
 Metaspace       used 77276K, committed 78400K, reserved 557056K
  class space    used 11053K, committed 11584K, reserved 425984K
}
Event: 96.543 GC heap before
{Heap before GC invocations=44 (full 0):
 garbage-first heap   total 130048K, used 102406K [0x0000000080000000, 0x0000000100000000)
  region size 1024K, 33 young (33792K), 2 survivors (2048K)
 Metaspace       used 78642K, committed 79744K, reserved 557056K
  class space    used 11187K, committed 11712K, reserved 425984K
}
Event: 96.554 GC heap after
{Heap after GC invocations=45 (full 0):
 garbage-first heap   total 130048K, used 75407K [0x0000000080000000, 0x0000000100000000)
  region size 1024K, 5 young (5120K), 5 survivors (5120K)
 Metaspace       used 78642K, committed 79744K, reserved 557056K
  class space    used 11187K, committed 11712K, reserved 425984K
}
Event: 96.564 GC heap before
{Heap before GC invocations=45 (full 0):
 garbage-first heap   total 130048K, used 76431K [0x0000000080000000, 0x0000000100000000)
  region size 1024K, 6 young (6144K), 5 survivors (5120K)
 Metaspace       used 78646K, committed 79744K, reserved 557056K
  class space    used 11187K, committed 11712K, reserved 425984K
}
Event: 96.572 GC heap after
{Heap after GC invocations=46 (full 0):
 garbage-first heap   total 130048K, used 75320K [0x0000000080000000, 0x0000000100000000)
  region size 1024K, 1 young (1024K), 1 survivors (1024K)
 Metaspace       used 78646K, committed 79744K, reserved 557056K
  class space    used 11187K, committed 11712K, reserved 425984K
}
Event: 121.822 GC heap before
{Heap before GC invocations=46 (full 0):
 garbage-first heap   total 130048K, used 106040K [0x0000000080000000, 0x0000000100000000)
  region size 1024K, 32 young (32768K), 1 survivors (1024K)
 Metaspace       used 78901K, committed 80000K, reserved 557056K
  class space    used 11191K, committed 11712K, reserved 425984K
}
Event: 121.827 GC heap after
{Heap after GC invocations=47 (full 0):
 garbage-first heap   total 130048K, used 77044K [0x0000000080000000, 0x0000000100000000)
  region size 1024K, 3 young (3072K), 3 survivors (3072K)
 Metaspace       used 78901K, committed 80000K, reserved 557056K
  class space    used 11191K, committed 11712K, reserved 425984K
}
Event: 122.437 GC heap before
{Heap before GC invocations=48 (full 0):
 garbage-first heap   total 140288K, used 106740K [0x0000000080000000, 0x0000000100000000)
  region size 1024K, 33 young (33792K), 3 survivors (3072K)
 Metaspace       used 78989K, committed 80128K, reserved 557056K
  class space    used 11192K, committed 11712K, reserved 425984K
}
Event: 122.442 GC heap after
{Heap after GC invocations=49 (full 0):
 garbage-first heap   total 140288K, used 78709K [0x0000000080000000, 0x0000000100000000)
  region size 1024K, 5 young (5120K), 5 survivors (5120K)
 Metaspace       used 78989K, committed 80128K, reserved 557056K
  class space    used 11192K, committed 11712K, reserved 425984K
}
Event: 122.460 GC heap before
{Heap before GC invocations=49 (full 0):
 garbage-first heap   total 140288K, used 79733K [0x0000000080000000, 0x0000000100000000)
  region size 1024K, 6 young (6144K), 5 survivors (5120K)
 Metaspace       used 78989K, committed 80128K, reserved 557056K
  class space    used 11192K, committed 11712K, reserved 425984K
}
Event: 122.466 GC heap after
{Heap after GC invocations=50 (full 0):
 garbage-first heap   total 140288K, used 78409K [0x0000000080000000, 0x0000000100000000)
  region size 1024K, 1 young (1024K), 1 survivors (1024K)
 Metaspace       used 78989K, committed 80128K, reserved 557056K
  class space    used 11192K, committed 11712K, reserved 425984K
}
Event: 123.062 GC heap before
{Heap before GC invocations=50 (full 0):
 garbage-first heap   total 140288K, used 115273K [0x0000000080000000, 0x0000000100000000)
  region size 1024K, 38 young (38912K), 1 survivors (1024K)
 Metaspace       used 78999K, committed 80128K, reserved 557056K
  class space    used 11192K, committed 11712K, reserved 425984K
}

